<?xml version="1.0" encoding="UTF-8"?>
<!-- Generated by org.testng.reporters.JUnitReportReporter -->
<testsuite hostname="BSBLRL-16366" failures="0" tests="4" name="HTTPRequests.HTTPRequest" time="5.643" errors="0" timestamp="2024-03-26T13:48:11 IST" skipped="0">
  <testcase classname="HTTPRequests.HTTPRequest" name="GetRequest" time="2.571"/>
  <system-out/>
  <testcase classname="HTTPRequests.HTTPRequest" name="PostRequest" time="1.171"/>
  <system-out/>
  <testcase classname="HTTPRequests.HTTPRequest" name="PutRequest" time="0.881"/>
  <system-out/>
  <testcase classname="HTTPRequests.HTTPRequest" name="DeleteRequest" time="1.020"/>
  <system-out/>
</testsuite> <!-- HTTPRequests.HTTPRequest -->
