<?xml version="1.0" encoding="UTF-8"?>
<!-- Generated by org.testng.reporters.JUnitReportReporter -->
<testsuite hostname="BSBLRL-16366" failures="0" tests="1" name="tests.TestsExamples" time="3.727" errors="0" timestamp="2024-02-08T16:43:43 IST" skipped="0">
  <testcase classname="tests.TestsExamples" name="test_02" time="3.727"/>
  <system-out/>
</testsuite> <!-- tests.TestsExamples -->
