<?xml version="1.0" encoding="UTF-8"?>
<!-- Generated by org.testng.reporters.JUnitReportReporter -->
<testsuite hostname="BSBLRL-16366" failures="0" tests="1" name="dailyCode_2.LoggingDemo" time="2.979" errors="0" timestamp="2024-03-27T19:10:31 IST" skipped="0">
  <testcase classname="dailyCode_2.LoggingDemo" name="TestLogging" time="2.979"/>
  <system-out/>
</testsuite> <!-- dailyCode_2.LoggingDemo -->
