<?xml version="1.0" encoding="UTF-8"?>
<!-- Generated by org.testng.reporters.JUnitReportReporter -->
<testsuite hostname="BSBLRL-16366" failures="0" tests="1" name="Tests.WaysToCreatePostRequestBody" time="3.542" errors="0" timestamp="2024-03-26T19:08:48 IST" skipped="0">
  <testcase classname="Tests.WaysToCreatePostRequestBody" name="testPostUsingJsonExternalFile" time="3.542"/>
  <system-out/>
</testsuite> <!-- Tests.WaysToCreatePostRequestBody -->
