<?xml version="1.0" encoding="UTF-8"?>
<!-- Generated by org.testng.reporters.JUnitReportReporter -->
<testsuite hostname="BSBLRL-16366" failures="0" tests="1" name="tests.GetAndPostExamples" time="5.554" errors="0" timestamp="2024-03-22T18:27:09 IST" skipped="0">
  <testcase classname="tests.GetAndPostExamples" name="Get" time="5.554"/>
  <system-out/>
</testsuite> <!-- tests.GetAndPostExamples -->
