<?xml version="1.0" encoding="UTF-8"?>
<!-- Generated by org.testng.reporters.JUnitReportReporter -->
<testsuite hostname="BSBLRL-16366" failures="0" tests="1" name="Tests.HeadersDemo_5" time="2.823" errors="0" timestamp="2024-03-27T18:54:51 IST" skipped="0">
  <testcase classname="Tests.HeadersDemo_5" name="GetHeders" time="2.823"/>
  <system-out/>
</testsuite> <!-- Tests.HeadersDemo_5 -->
