<?xml version="1.0" encoding="UTF-8"?>
<!-- Generated by org.testng.reporters.JUnitReportReporter -->
<testsuite hostname="BSBLRL-16366" failures="0" tests="1" name="Tests.PathAndQueryParameters" time="2.992" errors="0" timestamp="2024-03-27T17:09:50 IST" skipped="0">
  <testcase classname="Tests.PathAndQueryParameters" name="pathVariable4" time="2.992"/>
  <system-out/>
</testsuite> <!-- Tests.PathAndQueryParameters -->
