<?xml version="1.0" encoding="UTF-8"?>
<!-- Generated by org.testng.reporters.JUnitReportReporter -->
<testsuite hostname="BSBLRL-16366" failures="0" tests="1" name="Tests.CookiesDemo" time="1.687" errors="0" timestamp="2024-03-27T18:19:33 IST" skipped="0">
  <testcase classname="Tests.CookiesDemo" name="GetCookiesInfo" time="1.687"/>
  <system-out/>
</testsuite> <!-- Tests.CookiesDemo -->
